[debug] [2026-01-02T07:21:08.654Z] ----------------------------------------------------------------------
[debug] [2026-01-02T07:21:08.658Z] Command:       C:\Program Files\nodejs\node.exe C:\Users\leejh\AppData\Local\npm-cache\_npx\7750544ccf494d8b\node_modules\firebase-tools\lib\bin\firebase.js init functions --project cheonan-parking-ai
[debug] [2026-01-02T07:21:08.658Z] CLI Version:   15.1.0
[debug] [2026-01-02T07:21:08.658Z] Platform:      win32
[debug] [2026-01-02T07:21:08.658Z] Node Version:  v22.19.0
[debug] [2026-01-02T07:21:08.659Z] Time:          Fri Jan 02 2026 16:21:08 GMT+0900 (대한민국 표준시)
[debug] [2026-01-02T07:21:08.659Z] ----------------------------------------------------------------------
[debug] 
[info] 
     ######## #### ########  ######## ########     ###     ######  ########
     ##        ##  ##     ## ##       ##     ##  ##   ##  ##       ##
     ######    ##  ########  ######   ########  #########  ######  ######
     ##        ##  ##    ##  ##       ##     ## ##     ##       ## ##
     ##       #### ##     ## ######## ########  ##     ##  ######  ########

You're about to initialize a Firebase project in this directory:

  C:\Cheonan_AI_Parking_Pass

Before we get started, keep in mind:

  * You are currently outside your home directory
  * You are initializing within an existing Firebase project directory

[info] 
=== Project Setup
[info] 
[info] First, let's associate this project directory with a Firebase project.
[info] You can create multiple project aliases by running firebase use --add, 
[info] 
[debug] [2026-01-02T07:21:23.549Z] > command requires scopes: ["email","openid","https://www.googleapis.com/auth/cloudplatformprojects.readonly","https://www.googleapis.com/auth/firebase","https://www.googleapis.com/auth/cloud-platform"]
[debug] [2026-01-02T07:21:23.549Z] > authorizing via signed-in user (dlwogod2479@gmail.com)
[debug] [2026-01-02T07:21:23.551Z] Checked if tokens are valid: true, expires at: 1767340793884
[debug] [2026-01-02T07:21:23.551Z] Checked if tokens are valid: true, expires at: 1767340793884
[debug] [2026-01-02T07:21:23.553Z] >>> [apiv2][query] GET https://firebase.googleapis.com/v1beta1/projects/cheonan-parking-ai [none]
[debug] [2026-01-02T07:21:24.085Z] <<< [apiv2][status] GET https://firebase.googleapis.com/v1beta1/projects/cheonan-parking-ai 200
[debug] [2026-01-02T07:21:24.085Z] <<< [apiv2][body] GET https://firebase.googleapis.com/v1beta1/projects/cheonan-parking-ai {"projectId":"cheonan-parking-ai","projectNumber":"558593538584","displayName":"cheonan-parking-ai","name":"projects/cheonan-parking-ai","resources":{"hostingSite":"cheonan-parking-ai"},"state":"ACTIVE","etag":"1_b4243124-1945-4a27-9b81-3257730fafe2"}
[info] i  Using project cheonan-parking-ai (cheonan-parking-ai) . 
[info] 
=== Functions Setup
[debug] [2026-01-02T07:21:24.102Z] > command requires scopes: ["email","openid","https://www.googleapis.com/auth/cloudplatformprojects.readonly","https://www.googleapis.com/auth/firebase","https://www.googleapis.com/auth/cloud-platform"]
[debug] [2026-01-02T07:21:24.103Z] > authorizing via signed-in user (dlwogod2479@gmail.com)
[debug] [2026-01-02T07:21:24.103Z] [iam] checking project cheonan-parking-ai for permissions ["firebase.projects.get"]
[debug] [2026-01-02T07:21:24.103Z] Checked if tokens are valid: true, expires at: 1767340793884
[debug] [2026-01-02T07:21:24.103Z] Checked if tokens are valid: true, expires at: 1767340793884
[debug] [2026-01-02T07:21:24.104Z] >>> [apiv2][query] POST https://cloudresourcemanager.googleapis.com/v1/projects/cheonan-parking-ai:testIamPermissions [none]
[debug] [2026-01-02T07:21:24.104Z] >>> [apiv2][(partial)header] POST https://cloudresourcemanager.googleapis.com/v1/projects/cheonan-parking-ai:testIamPermissions x-goog-quota-user=projects/cheonan-parking-ai
[debug] [2026-01-02T07:21:24.104Z] >>> [apiv2][body] POST https://cloudresourcemanager.googleapis.com/v1/projects/cheonan-parking-ai:testIamPermissions {"permissions":["firebase.projects.get"]}
[debug] [2026-01-02T07:21:24.406Z] <<< [apiv2][status] POST https://cloudresourcemanager.googleapis.com/v1/projects/cheonan-parking-ai:testIamPermissions 200
[debug] [2026-01-02T07:21:24.406Z] <<< [apiv2][body] POST https://cloudresourcemanager.googleapis.com/v1/projects/cheonan-parking-ai:testIamPermissions {"permissions":["firebase.projects.get"]}
[debug] [2026-01-02T07:21:24.407Z] Checked if tokens are valid: true, expires at: 1767340793884
[debug] [2026-01-02T07:21:24.407Z] Checked if tokens are valid: true, expires at: 1767340793884
[debug] [2026-01-02T07:21:24.408Z] Checked if tokens are valid: true, expires at: 1767340793884
[debug] [2026-01-02T07:21:24.408Z] Checked if tokens are valid: true, expires at: 1767340793884
[debug] [2026-01-02T07:21:24.408Z] >>> [apiv2][query] GET https://serviceusage.googleapis.com/v1/projects/cheonan-parking-ai/services/cloudfunctions.googleapis.com [none]
[debug] [2026-01-02T07:21:24.408Z] >>> [apiv2][(partial)header] GET https://serviceusage.googleapis.com/v1/projects/cheonan-parking-ai/services/cloudfunctions.googleapis.com x-goog-quota-user=projects/cheonan-parking-ai
[debug] [2026-01-02T07:21:24.410Z] >>> [apiv2][query] GET https://serviceusage.googleapis.com/v1/projects/cheonan-parking-ai/services/runtimeconfig.googleapis.com [none]
[debug] [2026-01-02T07:21:24.410Z] >>> [apiv2][(partial)header] GET https://serviceusage.googleapis.com/v1/projects/cheonan-parking-ai/services/runtimeconfig.googleapis.com x-goog-quota-user=projects/cheonan-parking-ai
[debug] [2026-01-02T07:21:25.771Z] <<< [apiv2][status] GET https://serviceusage.googleapis.com/v1/projects/cheonan-parking-ai/services/runtimeconfig.googleapis.com 200
[debug] [2026-01-02T07:21:25.772Z] <<< [apiv2][body] GET https://serviceusage.googleapis.com/v1/projects/cheonan-parking-ai/services/runtimeconfig.googleapis.com [omitted]
[debug] [2026-01-02T07:21:25.789Z] <<< [apiv2][status] GET https://serviceusage.googleapis.com/v1/projects/cheonan-parking-ai/services/cloudfunctions.googleapis.com 200
[debug] [2026-01-02T07:21:25.789Z] <<< [apiv2][body] GET https://serviceusage.googleapis.com/v1/projects/cheonan-parking-ai/services/cloudfunctions.googleapis.com [omitted]
[debug] [2026-01-02T07:21:25.790Z] Checked if tokens are valid: true, expires at: 1767340793884
[debug] [2026-01-02T07:21:25.790Z] Checked if tokens are valid: true, expires at: 1767340793884
[debug] [2026-01-02T07:21:25.790Z] >>> [apiv2][query] POST https://serviceusage.googleapis.com/v1/projects/cheonan-parking-ai/services/cloudfunctions.googleapis.com:enable [none]
[debug] [2026-01-02T07:21:25.790Z] >>> [apiv2][(partial)header] POST https://serviceusage.googleapis.com/v1/projects/cheonan-parking-ai/services/cloudfunctions.googleapis.com:enable x-goog-quota-user=projects/cheonan-parking-ai
[debug] [2026-01-02T07:21:27.158Z] <<< [apiv2][status] POST https://serviceusage.googleapis.com/v1/projects/cheonan-parking-ai/services/cloudfunctions.googleapis.com:enable 200
[debug] [2026-01-02T07:21:27.158Z] <<< [apiv2][body] POST https://serviceusage.googleapis.com/v1/projects/cheonan-parking-ai/services/cloudfunctions.googleapis.com:enable [omitted]
[info] Let's create a new codebase for your functions.
[info] A directory corresponding to the codebase will be created in your project
[info] with sample code pre-configured.

[info] See https://firebase.google.com/docs/functions/organize-functions for
[info] more information on organizing your functions using codebases.

[info] Functions can be deployed with firebase deploy.

[info] +  Wrote functions/requirements.txt 
[info] +  Wrote functions/.gitignore 
[info] +  Wrote functions/main.py 
[debug] [2026-01-02T07:22:03.754Z] Running command with virtualenv: command="C:\Cheonan_AI_Parking_Pass\functions\venv\Scripts\activate.bat", args=["","&&","pip3","install","--upgrade","pip"]
[debug] [2026-01-02T07:22:06.487Z] Error: spawn "C:\Cheonan_AI_Parking_Pass\functions\venv\Scripts\activate.bat" ENOENT
    at notFoundError (C:\Users\leejh\AppData\Local\npm-cache\_npx\7750544ccf494d8b\node_modules\cross-spawn\lib\enoent.js:6:26)
    at verifyENOENT (C:\Users\leejh\AppData\Local\npm-cache\_npx\7750544ccf494d8b\node_modules\cross-spawn\lib\enoent.js:40:16)
    at cp.emit (C:\Users\leejh\AppData\Local\npm-cache\_npx\7750544ccf494d8b\node_modules\cross-spawn\lib\enoent.js:27:25)
    at ChildProcess._handle.onexit (node:internal/child_process:293:12)
    at Process.callbackTrampoline (node:internal/async_hooks:130:17)
[error] 
[error] Error: An unexpected error has occurred.
